# JRE version: OpenJDK Runtime Environment (8.0_242-b01) (build 1.8.0_242-release-1644-b01)
# Java VM: OpenJDK 64-Bit Server VM (25.242-b01 mixed mode windows-amd64 compressed oops)
Heap:
 PSYoungGen      total 398848K, used 275725K [0x00000000e0000000, 0x00000000ffd00000, 0x0000000100000000)
  eden space 289280K, 93% used [0x00000000e0000000,0x00000000f08ef510,0x00000000f1a80000)
  from space 109568K, 4% used [0x00000000f1a80000,0x00000000f1ed4010,0x00000000f8580000)
  to   space 108032K, 0% used [0x00000000f9380000,0x00000000f9380000,0x00000000ffd00000)
 ParOldGen       total 311296K, used 182257K [0x00000000a0000000, 0x00000000b3000000, 0x00000000e0000000)
  object space 311296K, 58% used [0x00000000a0000000,0x00000000ab1fc608,0x00000000b3000000)
 Metaspace       used 115759K, capacity 123088K, committed 123864K, reserved 1157120K
  class space    used 14783K, capacity 16093K, committed 16384K, reserved 1048576K
GC Heap History (10 events):
Event: 1117.688 GC heap before
{Heap before GC invocations=34 (full 5):
 PSYoungGen      total 389120K, used 272881K [0x00000000e0000000, 0x00000000ffb00000, 0x0000000100000000)
  eden space 269312K, 100% used [0x00000000e0000000,0x00000000f0700000,0x00000000f0700000)
  from space 119808K, 2% used [0x00000000f8600000,0x00000000f897c600,0x00000000ffb00000)
  to   space 124928K, 0% used [0x00000000f0700000,0x00000000f0700000,0x00000000f8100000)
 ParOldGen       total 311296K, used 176456K [0x00000000a0000000, 0x00000000b3000000, 0x00000000e0000000)
  object space 311296K, 56% used [0x00000000a0000000,0x00000000aac52298,0x00000000b3000000)
 Metaspace       used 114858K, capacity 121418K, committed 123096K, reserved 1157120K
  class space    used 14679K, capacity 15902K, committed 16384K, reserved 1048576K
Event: 1117.715 GC heap after
Heap after GC invocations=34 (full 5):
 PSYoungGen      total 394240K, used 7629K [0x00000000e0000000, 0x0000000100000000, 0x0000000100000000)
  eden space 269312K, 0% used [0x00000000e0000000,0x00000000e0000000,0x00000000f0700000)
  from space 124928K, 6% used [0x00000000f0700000,0x00000000f0e736c0,0x00000000f8100000)
  to   space 123392K, 0% used [0x00000000f8780000,0x00000000f8780000,0x0000000100000000)
 ParOldGen       total 311296K, used 176934K [0x00000000a0000000, 0x00000000b3000000, 0x00000000e0000000)
  object space 311296K, 56% used [0x00000000a0000000,0x00000000aacc9a18,0x00000000b3000000)
 Metaspace       used 114858K, capacity 121418K, committed 123096K, reserved 1157120K
  class space    used 14679K, capacity 15902K, committed 16384K, reserved 1048576K
}
Event: 1232.200 GC heap before
{Heap before GC invocations=35 (full 5):
 PSYoungGen      total 394240K, used 276941K [0x00000000e0000000, 0x0000000100000000, 0x0000000100000000)
  eden space 269312K, 100% used [0x00000000e0000000,0x00000000f0700000,0x00000000f0700000)
  from space 124928K, 6% used [0x00000000f0700000,0x00000000f0e736c0,0x00000000f8100000)
  to   space 123392K, 0% used [0x00000000f8780000,0x00000000f8780000,0x0000000100000000)
 ParOldGen       total 311296K, used 176934K [0x00000000a0000000, 0x00000000b3000000, 0x00000000e0000000)
  object space 311296K, 56% used [0x00000000a0000000,0x00000000aacc9a18,0x00000000b3000000)
 Metaspace       used 115047K, capacity 121754K, committed 123096K, reserved 1157120K
  class space    used 14697K, capacity 15936K, committed 16384K, reserved 1048576K
Event: 1232.262 GC heap after
Heap after GC invocations=35 (full 5):
 PSYoungGen      total 393728K, used 5648K [0x00000000e0000000, 0x00000000ffa80000, 0x0000000100000000)
  eden space 275968K, 0% used [0x00000000e0000000,0x00000000e0000000,0x00000000f0d80000)
  from space 117760K, 4% used [0x00000000f8780000,0x00000000f8d04040,0x00000000ffa80000)
  to   space 121344K, 0% used [0x00000000f0d80000,0x00000000f0d80000,0x00000000f8400000)
 ParOldGen       total 311296K, used 177570K [0x00000000a0000000, 0x00000000b3000000, 0x00000000e0000000)
  object space 311296K, 57% used [0x00000000a0000000,0x00000000aad68ba0,0x00000000b3000000)
 Metaspace       used 115047K, capacity 121754K, committed 123096K, reserved 1157120K
  class space    used 14697K, capacity 15936K, committed 16384K, reserved 1048576K
}
Event: 1241.685 GC heap before
{Heap before GC invocations=36 (full 5):
 PSYoungGen      total 393728K, used 281616K [0x00000000e0000000, 0x00000000ffa80000, 0x0000000100000000)
  eden space 275968K, 100% used [0x00000000e0000000,0x00000000f0d80000,0x00000000f0d80000)
  from space 117760K, 4% used [0x00000000f8780000,0x00000000f8d04040,0x00000000ffa80000)
  to   space 121344K, 0% used [0x00000000f0d80000,0x00000000f0d80000,0x00000000f8400000)
 ParOldGen       total 311296K, used 177570K [0x00000000a0000000, 0x00000000b3000000, 0x00000000e0000000)
  object space 311296K, 57% used [0x00000000a0000000,0x00000000aad68ba0,0x00000000b3000000)
 Metaspace       used 115181K, capacity 121910K, committed 123352K, reserved 1157120K
  class space    used 14701K, capacity 15940K, committed 16384K, reserved 1048576K
Event: 1241.886 GC heap after
Heap after GC invocations=36 (full 5):
 PSYoungGen      total 397312K, used 39920K [0x00000000e0000000, 0x00000000ff480000, 0x0000000100000000)
  eden space 275968K, 0% used [0x00000000e0000000,0x00000000e0000000,0x00000000f0d80000)
  from space 121344K, 32% used [0x00000000f0d80000,0x00000000f347c3e0,0x00000000f8400000)
  to   space 113664K, 0% used [0x00000000f8580000,0x00000000f8580000,0x00000000ff480000)
 ParOldGen       total 311296K, used 177578K [0x00000000a0000000, 0x00000000b3000000, 0x00000000e0000000)
  object space 311296K, 57% used [0x00000000a0000000,0x00000000aad6aba0,0x00000000b3000000)
 Metaspace       used 115181K, capacity 121910K, committed 123352K, reserved 1157120K
  class space    used 14701K, capacity 15940K, committed 16384K, reserved 1048576K
}
Event: 1245.579 GC heap before
{Heap before GC invocations=37 (full 5):
 PSYoungGen      total 397312K, used 315888K [0x00000000e0000000, 0x00000000ff480000, 0x0000000100000000)
  eden space 275968K, 100% used [0x00000000e0000000,0x00000000f0d80000,0x00000000f0d80000)
  from space 121344K, 32% used [0x00000000f0d80000,0x00000000f347c3e0,0x00000000f8400000)
  to   space 113664K, 0% used [0x00000000f8580000,0x00000000f8580000,0x00000000ff480000)
 ParOldGen       total 311296K, used 177578K [0x00000000a0000000, 0x00000000b3000000, 0x00000000e0000000)
  object space 311296K, 57% used [0x00000000a0000000,0x00000000aad6aba0,0x00000000b3000000)
 Metaspace       used 115243K, capacity 121974K, committed 123352K, reserved 1157120K
  class space    used 14701K, capacity 15940K, committed 16384K, reserved 1048576K
Event: 1245.779 GC heap after
Heap after GC invocations=37 (full 5):
 PSYoungGen      total 398848K, used 46515K [0x00000000e0000000, 0x00000000ff080000, 0x0000000100000000)
  eden space 289280K, 0% used [0x00000000e0000000,0x00000000e0000000,0x00000000f1a80000)
  from space 109568K, 42% used [0x00000000f8580000,0x00000000fb2ecd98,0x00000000ff080000)
  to   space 109568K, 0% used [0x00000000f1a80000,0x00000000f1a80000,0x00000000f8580000)
 ParOldGen       total 311296K, used 177586K [0x00000000a0000000, 0x00000000b3000000, 0x00000000e0000000)
  object space 311296K, 57% used [0x00000000a0000000,0x00000000aad6cba0,0x00000000b3000000)
 Metaspace       used 115243K, capacity 121974K, committed 123352K, reserved 1157120K
  class space    used 14701K, capacity 15940K, committed 16384K, reserved 1048576K
}
Event: 1399.316 GC heap before
{Heap before GC invocations=38 (full 5):
 PSYoungGen      total 398848K, used 335795K [0x00000000e0000000, 0x00000000ff080000, 0x0000000100000000)
  eden space 289280K, 100% used [0x00000000e0000000,0x00000000f1a80000,0x00000000f1a80000)
  from space 109568K, 42% used [0x00000000f8580000,0x00000000fb2ecd98,0x00000000ff080000)
  to   space 109568K, 0% used [0x00000000f1a80000,0x00000000f1a80000,0x00000000f8580000)
 ParOldGen       total 311296K, used 177586K [0x00000000a0000000, 0x00000000b3000000, 0x00000000e0000000)
  object space 311296K, 57% used [0x00000000a0000000,0x00000000aad6cba0,0x00000000b3000000)
 Metaspace       used 115715K, capacity 123012K, committed 123608K, reserved 1157120K
  class space    used 14782K, capacity 16091K, committed 16384K, reserved 1048576K
Event: 1399.546 GC heap after
Heap after GC invocations=38 (full 5):
 PSYoungGen      total 398848K, used 4432K [0x00000000e0000000, 0x00000000ffd00000, 0x0000000100000000)
  eden space 289280K, 0% used [0x00000000e0000000,0x00000000e0000000,0x00000000f1a80000)
  from space 109568K, 4% used [0x00000000f1a80000,0x00000000f1ed4010,0x00000000f8580000)
  to   space 108032K, 0% used [0x00000000f9380000,0x00000000f9380000,0x00000000ffd00000)
 ParOldGen       total 311296K, used 182257K [0x00000000a0000000, 0x00000000b3000000, 0x00000000e0000000)
  object space 311296K, 58% used [0x00000000a0000000,0x00000000ab1fc608,0x00000000b3000000)
 Metaspace       used 115715K, capacity 123012K, committed 123608K, reserved 1157120K
  class space    used 14782K, capacity 16091K, committed 16384K, reserved 1048576K
}

